2020-05-21 15:11:17,390 - Log4JLogChute initialized using file 'velocity.log'
2020-05-21 15:11:17,392 - Initializing Velocity, Calling init()...
2020-05-21 15:11:17,392 - Starting Apache Velocity v1.7 (compiled: 2010-11-19 12:14:37)
2020-05-21 15:11:17,392 - Default Properties File: org\apache\velocity\runtime\defaults\velocity.properties
2020-05-21 15:11:17,392 - Trying to use logger class org.apache.velocity.runtime.log.AvalonLogChute
2020-05-21 15:11:17,392 - Target log system for org.apache.velocity.runtime.log.AvalonLogChute is not available (java.lang.NoClassDefFoundError: org/apache/log/format/Formatter).  Falling back to next log system...
2020-05-21 15:11:17,392 - Trying to use logger class org.apache.velocity.runtime.log.Log4JLogChute
2020-05-21 15:11:17,392 - Using logger class org.apache.velocity.runtime.log.Log4JLogChute
2020-05-21 15:11:17,397 - ResourceLoader instantiated: org.apache.velocity.runtime.resource.loader.FileResourceLoader
2020-05-21 15:11:17,398 - Do unicode file recognition:  false
2020-05-21 15:11:17,398 - FileResourceLoader : adding path 'C:/Users/Administrator/IdeaProjects/pyq/zheng-common/target/classes/template/'
2020-05-21 15:11:17,406 - ResourceCache: initialized (class org.apache.velocity.runtime.resource.ResourceCacheImpl) with class java.util.Collections$SynchronizedMap cache map.
2020-05-21 15:11:17,407 - Loaded System Directive: org.apache.velocity.runtime.directive.Stop
2020-05-21 15:11:17,409 - Loaded System Directive: org.apache.velocity.runtime.directive.Define
2020-05-21 15:11:17,409 - Loaded System Directive: org.apache.velocity.runtime.directive.Break
2020-05-21 15:11:17,410 - Loaded System Directive: org.apache.velocity.runtime.directive.Evaluate
2020-05-21 15:11:17,411 - Loaded System Directive: org.apache.velocity.runtime.directive.Literal
2020-05-21 15:11:17,412 - Loaded System Directive: org.apache.velocity.runtime.directive.Macro
2020-05-21 15:11:17,413 - Loaded System Directive: org.apache.velocity.runtime.directive.Parse
2020-05-21 15:11:17,414 - Loaded System Directive: org.apache.velocity.runtime.directive.Include
2020-05-21 15:11:17,415 - Loaded System Directive: org.apache.velocity.runtime.directive.Foreach
2020-05-21 15:11:17,445 - Created '20' parsers.
2020-05-21 15:11:17,459 - Velocimacro : "velocimacro.library" is not set.  Trying default library: VM_global_library.vm
2020-05-21 15:11:17,459 - Velocimacro : Default library not found.
2020-05-21 15:11:17,459 - Velocimacro : allowInline = true : VMs can be defined inline in templates
2020-05-21 15:11:17,459 - Velocimacro : allowInlineToOverride = false : VMs defined inline may NOT replace previous VM definitions
2020-05-21 15:11:17,459 - Velocimacro : allowInlineLocal = false : VMs defined inline will be global in scope if allowed.
2020-05-21 15:11:17,459 - Velocimacro : autoload off : VM system will not automatically reload global library macros
2020-05-21 15:11:17,494 - ResourceManager : found generatorConfig.vm with loader org.apache.velocity.runtime.resource.loader.FileResourceLoader
2020-05-21 15:11:17,497 - Null reference [template 'generatorConfig.vm', line 49, column 38] : ${generator.jdbc.driver} cannot be resolved.
2020-05-21 15:11:17,497 - Null reference [template 'generatorConfig.vm', line 50, column 40] : ${generator.jdbc.url} cannot be resolved.
2020-05-21 15:11:17,498 - Null reference [template 'generatorConfig.vm', line 51, column 33] : ${generator.jdbc.username} cannot be resolved.
2020-05-21 15:11:17,898 - ResourceManager : found Service.vm with loader org.apache.velocity.runtime.resource.loader.FileResourceLoader
2020-05-21 15:11:17,899 - ResourceManager : found ServiceMock.vm with loader org.apache.velocity.runtime.resource.loader.FileResourceLoader
2020-05-21 15:11:17,905 - ResourceManager : found ServiceImpl.vm with loader org.apache.velocity.runtime.resource.loader.FileResourceLoader
2020-05-21 15:11:17,909 - ResourceManager : found Service.vm with loader org.apache.velocity.runtime.resource.loader.FileResourceLoader
2020-05-21 15:11:17,914 - ResourceManager : found ServiceMock.vm with loader org.apache.velocity.runtime.resource.loader.FileResourceLoader
2020-05-21 15:11:17,915 - ResourceManager : found ServiceImpl.vm with loader org.apache.velocity.runtime.resource.loader.FileResourceLoader
2020-05-21 15:11:17,917 - ResourceManager : found Service.vm with loader org.apache.velocity.runtime.resource.loader.FileResourceLoader
2020-05-21 15:11:17,918 - ResourceManager : found ServiceMock.vm with loader org.apache.velocity.runtime.resource.loader.FileResourceLoader
2020-05-21 15:11:17,926 - ResourceManager : found ServiceImpl.vm with loader org.apache.velocity.runtime.resource.loader.FileResourceLoader
2020-05-21 15:11:17,931 - ResourceManager : found Service.vm with loader org.apache.velocity.runtime.resource.loader.FileResourceLoader
2020-05-21 15:11:17,932 - ResourceManager : found ServiceMock.vm with loader org.apache.velocity.runtime.resource.loader.FileResourceLoader
2020-05-21 15:11:17,934 - ResourceManager : found ServiceImpl.vm with loader org.apache.velocity.runtime.resource.loader.FileResourceLoader
